This is pdfTeX, Version 3.14159265-2.6-1.40.19 (TeX Live 2018) (preloaded format=pdflatex 2018.4.16)  19 MAR 2020 01:31
entering extended mode
 restricted \write18 enabled.
 %&-line parsing enabled.
**demo.tex
(./demo.tex
LaTeX2e <2018-04-01> patch level 2
Babel <3.18> and hyphenation patterns for 84 language(s) loaded.
(./uclathes.cls
Document Class: uclathes 1995/05/11, 1.0
LaTeX2e port copyright (C) 1995 by John Heidemann.
Copyright (C) 1988 by Richard B. Wales, copyright (C) 1985 by Leslie Lamport.
Please send bug reports and graduation notices to <johnh@ficus.cs.ucla.edu>.
(/usr/local/texlive/2018/texmf-dist/tex/latex/base/ifthen.sty
Package: ifthen 2014/09/29 v1.1c Standard LaTeX ifthen package (DPC)
) (./uclathma.clo
File: uclathma 1995/08/25, 1.0 beta
) (./uclath17.clo
File: uclath17.clo 1995/05/11, 1.0 beta
)
\descriptionmargin=\dimen102
\c@part=\count80
\c@chapter=\count81
\c@section=\count82
\c@subsection=\count83
\c@subsubsection=\count84
\c@paragraph=\count85
\c@subparagraph=\count86
\c@figure=\count87
\c@table=\count88
 (./uclathti.clo
File: uclathti 1995/05/11, 1.0 beta
\c@chairs=\count89
\c@members=\count90
\c@vitaitems=\count91
\c@publications=\count92
)) (./demo.aux)
\openout1 = `demo.aux'.

LaTeX Font Info:    Checking defaults for OML/cmm/m/it on input line 78.
LaTeX Font Info:    ... okay on input line 78.
LaTeX Font Info:    Checking defaults for T1/cmr/m/n on input line 78.
LaTeX Font Info:    ... okay on input line 78.
LaTeX Font Info:    Checking defaults for OT1/cmr/m/n on input line 78.
LaTeX Font Info:    ... okay on input line 78.
LaTeX Font Info:    Checking defaults for OMS/cmsy/m/n on input line 78.
LaTeX Font Info:    ... okay on input line 78.
LaTeX Font Info:    Checking defaults for OMX/cmex/m/n on input line 78.
LaTeX Font Info:    ... okay on input line 78.
LaTeX Font Info:    Checking defaults for U/cmr/m/n on input line 78.
LaTeX Font Info:    ... okay on input line 78.
 [0


{/usr/local/texlive/2018/texmf-var/fonts/map/pdftex/updmap/pdftex.map}]
LaTeX Font Info:    Try loading font information for OMS+cmr on input line 79.

(/usr/local/texlive/2018/texmf-dist/tex/latex/base/omscmr.fd
File: omscmr.fd 2014/09/29 v2.5h Standard LaTeX font definitions
)
LaTeX Font Info:    Font shape `OMS/cmr/m/n' in size <12> not available
(Font)              Font shape `OMS/cmsy/m/n' tried instead on input line 79.
 [1

] [2

] [3

]
[4

] (./demo.toc
LaTeX Font Info:    External font `cmex10' loaded for size
(Font)              <12> on input line 1.
LaTeX Font Info:    External font `cmex10' loaded for size
(Font)              <8> on input line 1.
LaTeX Font Info:    External font `cmex10' loaded for size
(Font)              <6> on input line 1.
)
\tf@toc=\write3
\openout3 = `demo.toc'.

 [5

] (./demo.lof)
\tf@lof=\write4
\openout4 = `demo.lof'.

 [6

] (./demo.lot)
\tf@lot=\write5
\openout5 = `demo.lot'.

 [7

] [8]
Overfull \hbox (36.135pt too wide) in paragraph at lines 79--79
[]
 []


Overfull \hbox (36.135pt too wide) in paragraph at lines 79--79
[]
 []


Underfull \hbox (badness 10000) in paragraph at lines 79--79

 []

[9

]
CHAPTER 1.
[1

]
CHAPTER 2.
[2

]
CHAPTER 3.
[3

]
CHAPTER 4.
LaTeX Font Info:    External font `cmex10' loaded for size
(Font)              <17.28> on input line 102.
[4

]
CHAPTER 5.
[5

]
CHAPTER 6.
[6

] (./demo.aux) ) 
Here is how much of TeX's memory you used:
 462 strings out of 492649
 4868 string characters out of 6129622
 68552 words of memory out of 5000000
 4397 multiletter control sequences out of 15000+600000
 8603 words of font info for 30 fonts, out of 8000000 for 9000
 1141 hyphenation exceptions out of 8191
 23i,10n,17p,472b,166s stack positions out of 5000i,500n,10000p,200000b,80000s
</usr/local/texlive/2018/texmf-dist/fonts/type1/public/amsfonts
/cm/cmbx12.pfb></usr/local/texlive/2018/texmf-dist/fonts/type1/public/amsfonts/
cm/cmmi12.pfb></usr/local/texlive/2018/texmf-dist/fonts/type1/public/amsfonts/c
m/cmr12.pfb></usr/local/texlive/2018/texmf-dist/fonts/type1/public/amsfonts/cm/
cmr17.pfb></usr/local/texlive/2018/texmf-dist/fonts/type1/public/amsfonts/cm/cm
r8.pfb></usr/local/texlive/2018/texmf-dist/fonts/type1/public/amsfonts/cm/cmsl1
2.pfb></usr/local/texlive/2018/texmf-dist/fonts/type1/public/amsfonts/cm/cmsy10
.pfb></usr/local/texlive/2018/texmf-dist/fonts/type1/public/amsfonts/cm/cmti12.
pfb>
Output written on demo.pdf (16 pages, 105270 bytes).
PDF statistics:
 88 PDF objects out of 1000 (max. 8388607)
 61 compressed objects within 1 object stream
 0 named destinations out of 1000 (max. 500000)
 1 words of extra memory for PDF output out of 10000 (max. 10000000)

